<?xml version="1.0" encoding="UTF-8"?>
<!-- Generated by org.testng.reporters.JUnitXMLReporter -->
<testsuite ignored="0" hostname="LAPTOP-IRINQBA3" failures="0" tests="10" name="Test" time="0.056" errors="0" timestamp="2023-01-29T22:49:50 IST">
  <testcase classname="testNGStudy.GroupsEg1" name="TC1" time="0.006"/>
  <testcase classname="testNGStudy.GroupsEg1" name="TC2" time="0.0"/>
  <testcase classname="testNGStudy.GroupsEg1" name="TC3" time="0.002"/>
  <testcase classname="testNGStudy.GroupsEg1" name="TC4" time="0.001"/>
  <testcase classname="testNGStudy.GroupsEg1" name="TC5" time="0.001"/>
  <testcase classname="testNGStudy.GroupsEg2" name="TC10" time="0.001"/>
  <testcase classname="testNGStudy.GroupsEg2" name="TC6" time="0.001"/>
  <testcase classname="testNGStudy.GroupsEg2" name="TC7" time="0.001"/>
  <testcase classname="testNGStudy.GroupsEg2" name="TC8" time="0.001"/>
  <testcase classname="testNGStudy.GroupsEg2" name="TC9" time="0.002"/>
</testsuite> <!-- Test -->
